[20:09:14] [main/INFO]: Loading Minecraft 1.18.2 with Fabric Loader 0.14.6
[20:09:14] [main/INFO]: Fabric is preparing JARs on first launch, this may take a few seconds...
[20:09:14] [main/INFO]: Loading 3 mods:
	- fabricloader 0.14.6
	- java 17
	- minecraft 1.18.2
[20:09:14] [main/INFO]: SpongePowered MIXIN Subsystem Version=0.8.5 Source=file:/A:/Software/Game/Library/Windows/YggdrasilMC/p.data/libraries/net/fabricmc/sponge-mixin/0.11.4+mixin.0.8.5/sponge-mixin-0.11.4+mixin.0.8.5.jar Service=Knot/Fabric Env=CLIENT
[20:09:15] [main/WARN]: Configuration conflict: there is more than one oshi.properties file on the classpath
[20:09:16] [main/WARN]: Configuration conflict: there is more than one oshi.architecture.properties file on the classpath
[20:09:24] [Render thread/INFO]: Environment: authHost='https://authserver.mojang.com', accountsHost='https://api.mojang.com', sessionHost='https://sessionserver.mojang.com', servicesHost='https://api.minecraftservices.com', name='PROD'
[20:09:26] [Render thread/INFO]: Setting user: Heterroca
[20:09:26] [Render thread/INFO]: Backend library: LWJGL version 3.2.2 build 10
[20:09:30] [Render thread/INFO]: Narrator library for x64 successfully loaded
[20:09:31] [Render thread/INFO]: Reloading ResourceManager: Default
[20:09:37] [Render thread/INFO]: OpenAL initialized on device OpenAL Soft on Headphones (High Definition Audio Device)
[20:09:37] [Render thread/INFO]: Sound engine started
[20:09:37] [Render thread/INFO]: Created: 1024x1024x4 minecraft:textures/atlas/blocks.png-atlas
[20:09:37] [Render thread/INFO]: Created: 256x128x4 minecraft:textures/atlas/signs.png-atlas
[20:09:37] [Render thread/INFO]: Created: 1024x512x4 minecraft:textures/atlas/banner_patterns.png-atlas
[20:09:37] [Render thread/INFO]: Created: 1024x512x4 minecraft:textures/atlas/shield_patterns.png-atlas
[20:09:37] [Render thread/INFO]: Created: 256x256x4 minecraft:textures/atlas/chest.png-atlas
[20:09:37] [Render thread/INFO]: Created: 512x256x4 minecraft:textures/atlas/beds.png-atlas
[20:09:37] [Render thread/INFO]: Created: 512x256x4 minecraft:textures/atlas/shulker_boxes.png-atlas
[20:09:40] [Render thread/INFO]: Created: 256x256x0 minecraft:textures/atlas/particles.png-atlas
[20:09:40] [Render thread/INFO]: Created: 256x256x0 minecraft:textures/atlas/paintings.png-atlas
[20:09:40] [Render thread/INFO]: Created: 256x128x0 minecraft:textures/atlas/mob_effects.png-atlas
[20:09:45] [Render thread/INFO]: Stopping!
